0 info it worked if it ends with ok
1 verbose cli [ '/Users/jiangqq/.nvm/versions/node/v5.3.0/bin/node',
1 verbose cli   '/Users/jiangqq/.nvm/versions/node/v5.3.0/bin/npm',
1 verbose cli   'version',
1 verbose cli   '1.0.1' ]
2 info using npm@3.3.12
3 info using node@v5.3.0
4 info git [ 'status', '--porcelain' ]
5 verbose stack Error: Git working directory not clean.
5 verbose stack M npm-debug.log
5 verbose stack D react-native-encryption/.gitignore
5 verbose stack D react-native-encryption/.idea/.name
5 verbose stack D react-native-encryption/.idea/compiler.xml
5 verbose stack D react-native-encryption/.idea/copyright/profiles_settings.xml
5 verbose stack D react-native-encryption/.idea/encodings.xml
5 verbose stack D react-native-encryption/.idea/gradle.xml
5 verbose stack D react-native-encryption/.idea/misc.xml
5 verbose stack D react-native-encryption/.idea/modules.xml
5 verbose stack D react-native-encryption/.idea/runConfigurations.xml
5 verbose stack D react-native-encryption/.idea/workspace.xml
5 verbose stack D react-native-encryption/build.gradle
5 verbose stack D react-native-encryption/libs/axis.jar
5 verbose stack D react-native-encryption/local.properties
5 verbose stack D react-native-encryption/proguard-rules.pro
5 verbose stack D react-native-encryption/react-native-encryption.iml
5 verbose stack D react-native-encryption/src/androidTest/java/com/react_native_encryption_library/ApplicationTest.java
5 verbose stack D react-native-encryption/src/main/AndroidManifest.xml
5 verbose stack D react-native-encryption/src/main/java/com/chinaztt/encapsulation/EncryptionModule.java
5 verbose stack D react-native-encryption/src/main/java/com/chinaztt/encapsulation/EncryptionReactPackager.java
5 verbose stack D react-native-encryption/src/main/java/com/chinaztt/utils/AESTools.java
5 verbose stack D react-native-encryption/src/main/java/com/chinaztt/utils/MD5Tools.java
5 verbose stack D react-native-encryption/src/main/res/values/strings.xml
5 verbose stack D react-native-encryption/src/test/java/com/react_native_encryption_library/ExampleUnitTest.java
5 verbose stack     at /Users/jiangqq/.nvm/versions/node/v5.3.0/lib/node_modules/npm/lib/version.js:172:21
5 verbose stack     at ChildProcess.exithandler (child_process.js:204:7)
5 verbose stack     at emitTwo (events.js:87:13)
5 verbose stack     at ChildProcess.emit (events.js:172:7)
5 verbose stack     at maybeClose (internal/child_process.js:818:16)
5 verbose stack     at Socket.<anonymous> (internal/child_process.js:319:11)
5 verbose stack     at emitOne (events.js:77:13)
5 verbose stack     at Socket.emit (events.js:169:7)
5 verbose stack     at Pipe._onclose (net.js:469:12)
6 verbose cwd /Users/jiangqq/Documents/OSChina_PP/react-native-encryption-library
7 error Darwin 15.5.0
8 error argv "/Users/jiangqq/.nvm/versions/node/v5.3.0/bin/node" "/Users/jiangqq/.nvm/versions/node/v5.3.0/bin/npm" "version" "1.0.1"
9 error node v5.3.0
10 error npm  v3.3.12
11 error Git working directory not clean.
11 error M npm-debug.log
11 error D react-native-encryption/.gitignore
11 error D react-native-encryption/.idea/.name
11 error D react-native-encryption/.idea/compiler.xml
11 error D react-native-encryption/.idea/copyright/profiles_settings.xml
11 error D react-native-encryption/.idea/encodings.xml
11 error D react-native-encryption/.idea/gradle.xml
11 error D react-native-encryption/.idea/misc.xml
11 error D react-native-encryption/.idea/modules.xml
11 error D react-native-encryption/.idea/runConfigurations.xml
11 error D react-native-encryption/.idea/workspace.xml
11 error D react-native-encryption/build.gradle
11 error D react-native-encryption/libs/axis.jar
11 error D react-native-encryption/local.properties
11 error D react-native-encryption/proguard-rules.pro
11 error D react-native-encryption/react-native-encryption.iml
11 error D react-native-encryption/src/androidTest/java/com/react_native_encryption_library/ApplicationTest.java
11 error D react-native-encryption/src/main/AndroidManifest.xml
11 error D react-native-encryption/src/main/java/com/chinaztt/encapsulation/EncryptionModule.java
11 error D react-native-encryption/src/main/java/com/chinaztt/encapsulation/EncryptionReactPackager.java
11 error D react-native-encryption/src/main/java/com/chinaztt/utils/AESTools.java
11 error D react-native-encryption/src/main/java/com/chinaztt/utils/MD5Tools.java
11 error D react-native-encryption/src/main/res/values/strings.xml
11 error D react-native-encryption/src/test/java/com/react_native_encryption_library/ExampleUnitTest.java
12 error If you need help, you may report this error at:
12 error     <https://github.com/npm/npm/issues>
13 verbose exit [ 1, true ]
